<?xml version="1.0" encoding="UTF-8"?>
<testsuite xmlns:xsi="http://www.w3.org/2001/XMLSchema-instance" xsi:noNamespaceSchemaLocation="https://maven.apache.org/surefire/maven-surefire-plugin/xsd/surefire-test-report.xsd" name="search_feature #1" time="103.131" tests="6" errors="0" skipped="0" failures="0">
  <properties>
    <property name="sun.desktop" value="windows"/>
    <property name="awt.toolkit" value="sun.awt.windows.WToolkit"/>
    <property name="java.specification.version" value="11"/>
    <property name="webdriver.chrome.driver" value="C:\Users\ROG\.cache\selenium\chromedriver\win32\114.0.5735.90\chromedriver.exe"/>
    <property name="sun.cpu.isalist" value="amd64"/>
    <property name="sun.jnu.encoding" value="Cp1254"/>
    <property name="java.class.path" value="C:\Users\ROG\IdeaProjects\mycucumberproject\target\test-classes;C:\Users\ROG\IdeaProjects\mycucumberproject\target\classes;C:\Users\ROG\.m2\repository\org\seleniumhq\selenium\selenium-java\4.10.0\selenium-java-4.10.0.jar;C:\Users\ROG\.m2\repository\org\seleniumhq\selenium\selenium-api\4.10.0\selenium-api-4.10.0.jar;C:\Users\ROG\.m2\repository\org\seleniumhq\selenium\selenium-chrome-driver\4.10.0\selenium-chrome-driver-4.10.0.jar;C:\Users\ROG\.m2\repository\com\google\auto\service\auto-service-annotations\1.0.1\auto-service-annotations-1.0.1.jar;C:\Users\ROG\.m2\repository\com\google\auto\service\auto-service\1.0.1\auto-service-1.0.1.jar;C:\Users\ROG\.m2\repository\com\google\auto\auto-common\1.2\auto-common-1.2.jar;C:\Users\ROG\.m2\repository\com\google\guava\guava\31.1-jre\guava-31.1-jre.jar;C:\Users\ROG\.m2\repository\com\google\guava\failureaccess\1.0.1\failureaccess-1.0.1.jar;C:\Users\ROG\.m2\repository\com\google\guava\listenablefuture\9999.0-empty-to-avoid-conflict-with-guava\listenablefuture-9999.0-empty-to-avoid-conflict-with-guava.jar;C:\Users\ROG\.m2\repository\com\google\code\findbugs\jsr305\3.0.2\jsr305-3.0.2.jar;C:\Users\ROG\.m2\repository\org\checkerframework\checker-qual\3.12.0\checker-qual-3.12.0.jar;C:\Users\ROG\.m2\repository\com\google\errorprone\error_prone_annotations\2.11.0\error_prone_annotations-2.11.0.jar;C:\Users\ROG\.m2\repository\com\google\j2objc\j2objc-annotations\1.3\j2objc-annotations-1.3.jar;C:\Users\ROG\.m2\repository\org\seleniumhq\selenium\selenium-chromium-driver\4.10.0\selenium-chromium-driver-4.10.0.jar;C:\Users\ROG\.m2\repository\org\seleniumhq\selenium\selenium-json\4.10.0\selenium-json-4.10.0.jar;C:\Users\ROG\.m2\repository\org\seleniumhq\selenium\selenium-manager\4.10.0\selenium-manager-4.10.0.jar;C:\Users\ROG\.m2\repository\org\seleniumhq\selenium\selenium-devtools-v112\4.10.0\selenium-devtools-v112-4.10.0.jar;C:\Users\ROG\.m2\repository\org\seleniumhq\selenium\selenium-devtools-v113\4.10.0\selenium-devtools-v113-4.10.0.jar;C:\Users\ROG\.m2\repository\org\seleniumhq\selenium\selenium-devtools-v114\4.10.0\selenium-devtools-v114-4.10.0.jar;C:\Users\ROG\.m2\repository\org\seleniumhq\selenium\selenium-devtools-v85\4.10.0\selenium-devtools-v85-4.10.0.jar;C:\Users\ROG\.m2\repository\org\seleniumhq\selenium\selenium-edge-driver\4.10.0\selenium-edge-driver-4.10.0.jar;C:\Users\ROG\.m2\repository\org\seleniumhq\selenium\selenium-firefox-driver\4.10.0\selenium-firefox-driver-4.10.0.jar;C:\Users\ROG\.m2\repository\org\seleniumhq\selenium\selenium-http\4.10.0\selenium-http-4.10.0.jar;C:\Users\ROG\.m2\repository\dev\failsafe\failsafe\3.3.1\failsafe-3.3.1.jar;C:\Users\ROG\.m2\repository\org\seleniumhq\selenium\selenium-ie-driver\4.10.0\selenium-ie-driver-4.10.0.jar;C:\Users\ROG\.m2\repository\org\seleniumhq\selenium\selenium-remote-driver\4.10.0\selenium-remote-driver-4.10.0.jar;C:\Users\ROG\.m2\repository\io\netty\netty-buffer\4.1.92.Final\netty-buffer-4.1.92.Final.jar;C:\Users\ROG\.m2\repository\io\netty\netty-codec-http\4.1.92.Final\netty-codec-http-4.1.92.Final.jar;C:\Users\ROG\.m2\repository\io\netty\netty-codec\4.1.92.Final\netty-codec-4.1.92.Final.jar;C:\Users\ROG\.m2\repository\io\netty\netty-handler\4.1.92.Final\netty-handler-4.1.92.Final.jar;C:\Users\ROG\.m2\repository\io\netty\netty-common\4.1.92.Final\netty-common-4.1.92.Final.jar;C:\Users\ROG\.m2\repository\io\netty\netty-transport-classes-epoll\4.1.92.Final\netty-transport-classes-epoll-4.1.92.Final.jar;C:\Users\ROG\.m2\repository\io\netty\netty-transport-classes-kqueue\4.1.92.Final\netty-transport-classes-kqueue-4.1.92.Final.jar;C:\Users\ROG\.m2\repository\io\netty\netty-transport-native-epoll\4.1.92.Final\netty-transport-native-epoll-4.1.92.Final.jar;C:\Users\ROG\.m2\repository\io\netty\netty-transport-native-kqueue\4.1.92.Final\netty-transport-native-kqueue-4.1.92.Final.jar;C:\Users\ROG\.m2\repository\io\netty\netty-transport-native-unix-common\4.1.92.Final\netty-transport-native-unix-common-4.1.92.Final.jar;C:\Users\ROG\.m2\repository\io\netty\netty-transport\4.1.92.Final\netty-transport-4.1.92.Final.jar;C:\Users\ROG\.m2\repository\io\netty\netty-resolver\4.1.92.Final\netty-resolver-4.1.92.Final.jar;C:\Users\ROG\.m2\repository\io\opentelemetry\opentelemetry-api\1.26.0\opentelemetry-api-1.26.0.jar;C:\Users\ROG\.m2\repository\io\opentelemetry\opentelemetry-context\1.26.0\opentelemetry-context-1.26.0.jar;C:\Users\ROG\.m2\repository\io\opentelemetry\opentelemetry-exporter-logging\1.26.0\opentelemetry-exporter-logging-1.26.0.jar;C:\Users\ROG\.m2\repository\io\opentelemetry\opentelemetry-sdk-metrics\1.26.0\opentelemetry-sdk-metrics-1.26.0.jar;C:\Users\ROG\.m2\repository\io\opentelemetry\opentelemetry-extension-incubator\1.26.0-alpha\opentelemetry-extension-incubator-1.26.0-alpha.jar;C:\Users\ROG\.m2\repository\io\opentelemetry\opentelemetry-sdk-logs\1.26.0-alpha\opentelemetry-sdk-logs-1.26.0-alpha.jar;C:\Users\ROG\.m2\repository\io\opentelemetry\opentelemetry-api-logs\1.26.0-alpha\opentelemetry-api-logs-1.26.0-alpha.jar;C:\Users\ROG\.m2\repository\io\opentelemetry\opentelemetry-api-events\1.26.0-alpha\opentelemetry-api-events-1.26.0-alpha.jar;C:\Users\ROG\.m2\repository\io\opentelemetry\opentelemetry-sdk-common\1.26.0\opentelemetry-sdk-common-1.26.0.jar;C:\Users\ROG\.m2\repository\io\opentelemetry\opentelemetry-sdk-extension-autoconfigure-spi\1.26.0\opentelemetry-sdk-extension-autoconfigure-spi-1.26.0.jar;C:\Users\ROG\.m2\repository\io\opentelemetry\opentelemetry-sdk-extension-autoconfigure\1.26.0-alpha\opentelemetry-sdk-extension-autoconfigure-1.26.0-alpha.jar;C:\Users\ROG\.m2\repository\io\opentelemetry\opentelemetry-sdk-trace\1.26.0\opentelemetry-sdk-trace-1.26.0.jar;C:\Users\ROG\.m2\repository\io\opentelemetry\opentelemetry-sdk\1.26.0\opentelemetry-sdk-1.26.0.jar;C:\Users\ROG\.m2\repository\io\opentelemetry\opentelemetry-semconv\1.26.0-alpha\opentelemetry-semconv-1.26.0-alpha.jar;C:\Users\ROG\.m2\repository\net\bytebuddy\byte-buddy\1.14.4\byte-buddy-1.14.4.jar;C:\Users\ROG\.m2\repository\org\apache\commons\commons-exec\1.3\commons-exec-1.3.jar;C:\Users\ROG\.m2\repository\org\asynchttpclient\async-http-client\2.12.3\async-http-client-2.12.3.jar;C:\Users\ROG\.m2\repository\org\asynchttpclient\async-http-client-netty-utils\2.12.3\async-http-client-netty-utils-2.12.3.jar;C:\Users\ROG\.m2\repository\io\netty\netty-codec-socks\4.1.60.Final\netty-codec-socks-4.1.60.Final.jar;C:\Users\ROG\.m2\repository\io\netty\netty-handler-proxy\4.1.60.Final\netty-handler-proxy-4.1.60.Final.jar;C:\Users\ROG\.m2\repository\io\netty\netty-transport-native-epoll\4.1.60.Final\netty-transport-native-epoll-4.1.60.Final-linux-x86_64.jar;C:\Users\ROG\.m2\repository\io\netty\netty-transport-native-kqueue\4.1.60.Final\netty-transport-native-kqueue-4.1.60.Final-osx-x86_64.jar;C:\Users\ROG\.m2\repository\org\reactivestreams\reactive-streams\1.0.3\reactive-streams-1.0.3.jar;C:\Users\ROG\.m2\repository\com\typesafe\netty\netty-reactive-streams\2.0.4\netty-reactive-streams-2.0.4.jar;C:\Users\ROG\.m2\repository\com\sun\activation\jakarta.activation\1.2.2\jakarta.activation-1.2.2.jar;C:\Users\ROG\.m2\repository\org\seleniumhq\selenium\selenium-safari-driver\4.10.0\selenium-safari-driver-4.10.0.jar;C:\Users\ROG\.m2\repository\org\seleniumhq\selenium\selenium-support\4.10.0\selenium-support-4.10.0.jar;C:\Users\ROG\.m2\repository\io\github\bonigarcia\webdrivermanager\5.3.3\webdrivermanager-5.3.3.jar;C:\Users\ROG\.m2\repository\org\slf4j\slf4j-api\2.0.7\slf4j-api-2.0.7.jar;C:\Users\ROG\.m2\repository\com\google\code\gson\gson\2.10.1\gson-2.10.1.jar;C:\Users\ROG\.m2\repository\com\github\docker-java\docker-java\3.3.0\docker-java-3.3.0.jar;C:\Users\ROG\.m2\repository\com\github\docker-java\docker-java-core\3.3.0\docker-java-core-3.3.0.jar;C:\Users\ROG\.m2\repository\com\github\docker-java\docker-java-api\3.3.0\docker-java-api-3.3.0.jar;C:\Users\ROG\.m2\repository\com\fasterxml\jackson\core\jackson-annotations\2.10.3\jackson-annotations-2.10.3.jar;C:\Users\ROG\.m2\repository\com\fasterxml\jackson\core\jackson-databind\2.10.3\jackson-databind-2.10.3.jar;C:\Users\ROG\.m2\repository\com\fasterxml\jackson\core\jackson-core\2.10.3\jackson-core-2.10.3.jar;C:\Users\ROG\.m2\repository\org\bouncycastle\bcpkix-jdk15on\1.64\bcpkix-jdk15on-1.64.jar;C:\Users\ROG\.m2\repository\org\bouncycastle\bcprov-jdk15on\1.64\bcprov-jdk15on-1.64.jar;C:\Users\ROG\.m2\repository\org\slf4j\jcl-over-slf4j\1.7.30\jcl-over-slf4j-1.7.30.jar;C:\Users\ROG\.m2\repository\com\github\docker-java\docker-java-transport-httpclient5\3.3.0\docker-java-transport-httpclient5-3.3.0.jar;C:\Users\ROG\.m2\repository\com\github\docker-java\docker-java-transport\3.3.0\docker-java-transport-3.3.0.jar;C:\Users\ROG\.m2\repository\net\java\dev\jna\jna\5.12.1\jna-5.12.1.jar;C:\Users\ROG\.m2\repository\org\brotli\dec\0.1.2\dec-0.1.2.jar;C:\Users\ROG\.m2\repository\org\apache\commons\commons-lang3\3.12.0\commons-lang3-3.12.0.jar;C:\Users\ROG\.m2\repository\org\apache\httpcomponents\client5\httpclient5\5.2.1\httpclient5-5.2.1.jar;C:\Users\ROG\.m2\repository\org\apache\httpcomponents\core5\httpcore5\5.2\httpcore5-5.2.jar;C:\Users\ROG\.m2\repository\org\apache\httpcomponents\core5\httpcore5-h2\5.2\httpcore5-h2-5.2.jar;C:\Users\ROG\.m2\repository\io\cucumber\cucumber-java\7.12.1\cucumber-java-7.12.1.jar;C:\Users\ROG\.m2\repository\io\cucumber\cucumber-core\7.12.1\cucumber-core-7.12.1.jar;C:\Users\ROG\.m2\repository\io\cucumber\cucumber-gherkin\7.12.1\cucumber-gherkin-7.12.1.jar;C:\Users\ROG\.m2\repository\io\cucumber\cucumber-gherkin-messages\7.12.1\cucumber-gherkin-messages-7.12.1.jar;C:\Users\ROG\.m2\repository\io\cucumber\gherkin\26.2.0\gherkin-26.2.0.jar;C:\Users\ROG\.m2\repository\io\cucumber\messages\22.0.0\messages-22.0.0.jar;C:\Users\ROG\.m2\repository\io\cucumber\tag-expressions\5.0.1\tag-expressions-5.0.1.jar;C:\Users\ROG\.m2\repository\io\cucumber\cucumber-expressions\16.1.2\cucumber-expressions-16.1.2.jar;C:\Users\ROG\.m2\repository\io\cucumber\datatable\7.12.1\datatable-7.12.1.jar;C:\Users\ROG\.m2\repository\io\cucumber\cucumber-plugin\7.12.1\cucumber-plugin-7.12.1.jar;C:\Users\ROG\.m2\repository\io\cucumber\docstring\7.12.1\docstring-7.12.1.jar;C:\Users\ROG\.m2\repository\io\cucumber\html-formatter\20.3.1\html-formatter-20.3.1.jar;C:\Users\ROG\.m2\repository\io\cucumber\junit-xml-formatter\0.2.0\junit-xml-formatter-0.2.0.jar;C:\Users\ROG\.m2\repository\io\cucumber\ci-environment\9.2.0\ci-environment-9.2.0.jar;C:\Users\ROG\.m2\repository\org\apiguardian\apiguardian-api\1.1.2\apiguardian-api-1.1.2.jar;C:\Users\ROG\.m2\repository\io\cucumber\cucumber-junit\7.12.1\cucumber-junit-7.12.1.jar;C:\Users\ROG\.m2\repository\junit\junit\4.13.2\junit-4.13.2.jar;C:\Users\ROG\.m2\repository\org\hamcrest\hamcrest-core\1.3\hamcrest-core-1.3.jar;C:\Users\ROG\.m2\repository\org\apache\poi\poi\5.2.3\poi-5.2.3.jar;C:\Users\ROG\.m2\repository\commons-codec\commons-codec\1.15\commons-codec-1.15.jar;C:\Users\ROG\.m2\repository\org\apache\commons\commons-collections4\4.4\commons-collections4-4.4.jar;C:\Users\ROG\.m2\repository\org\apache\commons\commons-math3\3.6.1\commons-math3-3.6.1.jar;C:\Users\ROG\.m2\repository\commons-io\commons-io\2.11.0\commons-io-2.11.0.jar;C:\Users\ROG\.m2\repository\com\zaxxer\SparseBitSet\1.2\SparseBitSet-1.2.jar;C:\Users\ROG\.m2\repository\org\apache\logging\log4j\log4j-api\2.18.0\log4j-api-2.18.0.jar;C:\Users\ROG\.m2\repository\org\apache\poi\poi-ooxml\5.2.3\poi-ooxml-5.2.3.jar;C:\Users\ROG\.m2\repository\org\apache\poi\poi-ooxml-lite\5.2.3\poi-ooxml-lite-5.2.3.jar;C:\Users\ROG\.m2\repository\org\apache\xmlbeans\xmlbeans\5.1.1\xmlbeans-5.1.1.jar;C:\Users\ROG\.m2\repository\org\apache\commons\commons-compress\1.21\commons-compress-1.21.jar;C:\Users\ROG\.m2\repository\com\github\virtuald\curvesapi\1.07\curvesapi-1.07.jar;C:\Users\ROG\.m2\repository\tech\grasshopper\extentreports-cucumber7-adapter\1.13.0\extentreports-cucumber7-adapter-1.13.0.jar;C:\Users\ROG\.m2\repository\com\aventstack\extentreports\5.0.9\extentreports-5.0.9.jar;C:\Users\ROG\.m2\repository\io\reactivex\rxjava3\rxjava\3.0.4\rxjava-3.0.4.jar;C:\Users\ROG\.m2\repository\org\freemarker\freemarker\2.3.30\freemarker-2.3.30.jar;C:\Users\ROG\.m2\repository\org\projectlombok\lombok\1.18.12\lombok-1.18.12.jar;C:\Users\ROG\.m2\repository\tech\grasshopper\extent-pdf-report\2.11.0\extent-pdf-report-2.11.0.jar;C:\Users\ROG\.m2\repository\tech\grasshopper\cucumber-pdf-report\2.13.0\cucumber-pdf-report-2.13.0.jar;C:\Users\ROG\.m2\repository\org\apache\pdfbox\pdfbox\2.0.26\pdfbox-2.0.26.jar;C:\Users\ROG\.m2\repository\org\apache\pdfbox\fontbox\2.0.26\fontbox-2.0.26.jar;C:\Users\ROG\.m2\repository\org\knowm\xchart\xchart\3.8.0\xchart-3.8.0.jar;C:\Users\ROG\.m2\repository\de\erichseifert\vectorgraphics2d\VectorGraphics2D\0.13\VectorGraphics2D-0.13.jar;C:\Users\ROG\.m2\repository\de\rototor\pdfbox\graphics2d\0.30\graphics2d-0.30.jar;C:\Users\ROG\.m2\repository\com\madgag\animated-gif-lib\1.4\animated-gif-lib-1.4.jar;C:\Users\ROG\.m2\repository\org\yaml\snakeyaml\2.0\snakeyaml-2.0.jar;C:\Users\ROG\.m2\repository\tech\grasshopper\table-layout\1.5.1\table-layout-1.5.1.jar;C:\Users\ROG\.m2\repository\tech\grasshopper\rest-assured-cucumber-pdf-report\1.4.1\rest-assured-cucumber-pdf-report-1.4.1.jar;C:\Users\ROG\.m2\repository\org\jsoup\jsoup\1.15.3\jsoup-1.15.3.jar;C:\Users\ROG\.m2\repository\com\aventstack\klov-reporter\5.0.9\klov-reporter-5.0.9.jar;C:\Users\ROG\.m2\repository\org\mongodb\mongodb-driver\3.6.4\mongodb-driver-3.6.4.jar;C:\Users\ROG\.m2\repository\org\mongodb\mongodb-driver-core\3.6.4\mongodb-driver-core-3.6.4.jar;C:\Users\ROG\.m2\repository\org\mongodb\bson\3.6.4\bson-3.6.4.jar;C:\Users\ROG\.m2\repository\org\apache\httpcomponents\httpclient\4.5.13\httpclient-4.5.13.jar;C:\Users\ROG\.m2\repository\org\apache\httpcomponents\httpcore\4.4.13\httpcore-4.4.13.jar;C:\Users\ROG\.m2\repository\commons-logging\commons-logging\1.2\commons-logging-1.2.jar;C:\Users\ROG\.m2\repository\org\apache\httpcomponents\httpmime\4.5.13\httpmime-4.5.13.jar;C:\Users\ROG\.m2\repository\tech\grasshopper\htmlextentreporter\1.0.1\htmlextentreporter-1.0.1.jar;C:\Users\ROG\.m2\repository\tech\grasshopper\extent-excel-report\1.3.0\extent-excel-report-1.3.0.jar;"/>
    <property name="java.vm.vendor" value="Oracle Corporation"/>
    <property name="sun.arch.data.model" value="64"/>
    <property name="user.variant" value=""/>
    <property name="java.vendor.url" value="https://openjdk.java.net/"/>
    <property name="user.timezone" value="Asia/Istanbul"/>
    <property name="java.vm.specification.version" value="11"/>
    <property name="os.name" value="Windows 10"/>
    <property name="sun.java.launcher" value="SUN_STANDARD"/>
    <property name="user.country" value="US"/>
    <property name="sun.boot.library.path" value="C:\Program Files\Java\jdk-11.0.17\bin"/>
    <property name="sun.java.command" value="C:\Users\ROG\AppData\Local\Temp\surefire2447499284192740633\surefirebooter7157721841860389323.jar C:\Users\ROG\AppData\Local\Temp\surefire2447499284192740633 2023-06-23T21-43-45_393-jvmRun3 surefire4976460585636451873tmp surefire_011336782695903629674tmp"/>
    <property name="jdk.debug" value="release"/>
    <property name="surefire.test.class.path" value="C:\Users\ROG\IdeaProjects\mycucumberproject\target\test-classes;C:\Users\ROG\IdeaProjects\mycucumberproject\target\classes;C:\Users\ROG\.m2\repository\org\seleniumhq\selenium\selenium-java\4.10.0\selenium-java-4.10.0.jar;C:\Users\ROG\.m2\repository\org\seleniumhq\selenium\selenium-api\4.10.0\selenium-api-4.10.0.jar;C:\Users\ROG\.m2\repository\org\seleniumhq\selenium\selenium-chrome-driver\4.10.0\selenium-chrome-driver-4.10.0.jar;C:\Users\ROG\.m2\repository\com\google\auto\service\auto-service-annotations\1.0.1\auto-service-annotations-1.0.1.jar;C:\Users\ROG\.m2\repository\com\google\auto\service\auto-service\1.0.1\auto-service-1.0.1.jar;C:\Users\ROG\.m2\repository\com\google\auto\auto-common\1.2\auto-common-1.2.jar;C:\Users\ROG\.m2\repository\com\google\guava\guava\31.1-jre\guava-31.1-jre.jar;C:\Users\ROG\.m2\repository\com\google\guava\failureaccess\1.0.1\failureaccess-1.0.1.jar;C:\Users\ROG\.m2\repository\com\google\guava\listenablefuture\9999.0-empty-to-avoid-conflict-with-guava\listenablefuture-9999.0-empty-to-avoid-conflict-with-guava.jar;C:\Users\ROG\.m2\repository\com\google\code\findbugs\jsr305\3.0.2\jsr305-3.0.2.jar;C:\Users\ROG\.m2\repository\org\checkerframework\checker-qual\3.12.0\checker-qual-3.12.0.jar;C:\Users\ROG\.m2\repository\com\google\errorprone\error_prone_annotations\2.11.0\error_prone_annotations-2.11.0.jar;C:\Users\ROG\.m2\repository\com\google\j2objc\j2objc-annotations\1.3\j2objc-annotations-1.3.jar;C:\Users\ROG\.m2\repository\org\seleniumhq\selenium\selenium-chromium-driver\4.10.0\selenium-chromium-driver-4.10.0.jar;C:\Users\ROG\.m2\repository\org\seleniumhq\selenium\selenium-json\4.10.0\selenium-json-4.10.0.jar;C:\Users\ROG\.m2\repository\org\seleniumhq\selenium\selenium-manager\4.10.0\selenium-manager-4.10.0.jar;C:\Users\ROG\.m2\repository\org\seleniumhq\selenium\selenium-devtools-v112\4.10.0\selenium-devtools-v112-4.10.0.jar;C:\Users\ROG\.m2\repository\org\seleniumhq\selenium\selenium-devtools-v113\4.10.0\selenium-devtools-v113-4.10.0.jar;C:\Users\ROG\.m2\repository\org\seleniumhq\selenium\selenium-devtools-v114\4.10.0\selenium-devtools-v114-4.10.0.jar;C:\Users\ROG\.m2\repository\org\seleniumhq\selenium\selenium-devtools-v85\4.10.0\selenium-devtools-v85-4.10.0.jar;C:\Users\ROG\.m2\repository\org\seleniumhq\selenium\selenium-edge-driver\4.10.0\selenium-edge-driver-4.10.0.jar;C:\Users\ROG\.m2\repository\org\seleniumhq\selenium\selenium-firefox-driver\4.10.0\selenium-firefox-driver-4.10.0.jar;C:\Users\ROG\.m2\repository\org\seleniumhq\selenium\selenium-http\4.10.0\selenium-http-4.10.0.jar;C:\Users\ROG\.m2\repository\dev\failsafe\failsafe\3.3.1\failsafe-3.3.1.jar;C:\Users\ROG\.m2\repository\org\seleniumhq\selenium\selenium-ie-driver\4.10.0\selenium-ie-driver-4.10.0.jar;C:\Users\ROG\.m2\repository\org\seleniumhq\selenium\selenium-remote-driver\4.10.0\selenium-remote-driver-4.10.0.jar;C:\Users\ROG\.m2\repository\io\netty\netty-buffer\4.1.92.Final\netty-buffer-4.1.92.Final.jar;C:\Users\ROG\.m2\repository\io\netty\netty-codec-http\4.1.92.Final\netty-codec-http-4.1.92.Final.jar;C:\Users\ROG\.m2\repository\io\netty\netty-codec\4.1.92.Final\netty-codec-4.1.92.Final.jar;C:\Users\ROG\.m2\repository\io\netty\netty-handler\4.1.92.Final\netty-handler-4.1.92.Final.jar;C:\Users\ROG\.m2\repository\io\netty\netty-common\4.1.92.Final\netty-common-4.1.92.Final.jar;C:\Users\ROG\.m2\repository\io\netty\netty-transport-classes-epoll\4.1.92.Final\netty-transport-classes-epoll-4.1.92.Final.jar;C:\Users\ROG\.m2\repository\io\netty\netty-transport-classes-kqueue\4.1.92.Final\netty-transport-classes-kqueue-4.1.92.Final.jar;C:\Users\ROG\.m2\repository\io\netty\netty-transport-native-epoll\4.1.92.Final\netty-transport-native-epoll-4.1.92.Final.jar;C:\Users\ROG\.m2\repository\io\netty\netty-transport-native-kqueue\4.1.92.Final\netty-transport-native-kqueue-4.1.92.Final.jar;C:\Users\ROG\.m2\repository\io\netty\netty-transport-native-unix-common\4.1.92.Final\netty-transport-native-unix-common-4.1.92.Final.jar;C:\Users\ROG\.m2\repository\io\netty\netty-transport\4.1.92.Final\netty-transport-4.1.92.Final.jar;C:\Users\ROG\.m2\repository\io\netty\netty-resolver\4.1.92.Final\netty-resolver-4.1.92.Final.jar;C:\Users\ROG\.m2\repository\io\opentelemetry\opentelemetry-api\1.26.0\opentelemetry-api-1.26.0.jar;C:\Users\ROG\.m2\repository\io\opentelemetry\opentelemetry-context\1.26.0\opentelemetry-context-1.26.0.jar;C:\Users\ROG\.m2\repository\io\opentelemetry\opentelemetry-exporter-logging\1.26.0\opentelemetry-exporter-logging-1.26.0.jar;C:\Users\ROG\.m2\repository\io\opentelemetry\opentelemetry-sdk-metrics\1.26.0\opentelemetry-sdk-metrics-1.26.0.jar;C:\Users\ROG\.m2\repository\io\opentelemetry\opentelemetry-extension-incubator\1.26.0-alpha\opentelemetry-extension-incubator-1.26.0-alpha.jar;C:\Users\ROG\.m2\repository\io\opentelemetry\opentelemetry-sdk-logs\1.26.0-alpha\opentelemetry-sdk-logs-1.26.0-alpha.jar;C:\Users\ROG\.m2\repository\io\opentelemetry\opentelemetry-api-logs\1.26.0-alpha\opentelemetry-api-logs-1.26.0-alpha.jar;C:\Users\ROG\.m2\repository\io\opentelemetry\opentelemetry-api-events\1.26.0-alpha\opentelemetry-api-events-1.26.0-alpha.jar;C:\Users\ROG\.m2\repository\io\opentelemetry\opentelemetry-sdk-common\1.26.0\opentelemetry-sdk-common-1.26.0.jar;C:\Users\ROG\.m2\repository\io\opentelemetry\opentelemetry-sdk-extension-autoconfigure-spi\1.26.0\opentelemetry-sdk-extension-autoconfigure-spi-1.26.0.jar;C:\Users\ROG\.m2\repository\io\opentelemetry\opentelemetry-sdk-extension-autoconfigure\1.26.0-alpha\opentelemetry-sdk-extension-autoconfigure-1.26.0-alpha.jar;C:\Users\ROG\.m2\repository\io\opentelemetry\opentelemetry-sdk-trace\1.26.0\opentelemetry-sdk-trace-1.26.0.jar;C:\Users\ROG\.m2\repository\io\opentelemetry\opentelemetry-sdk\1.26.0\opentelemetry-sdk-1.26.0.jar;C:\Users\ROG\.m2\repository\io\opentelemetry\opentelemetry-semconv\1.26.0-alpha\opentelemetry-semconv-1.26.0-alpha.jar;C:\Users\ROG\.m2\repository\net\bytebuddy\byte-buddy\1.14.4\byte-buddy-1.14.4.jar;C:\Users\ROG\.m2\repository\org\apache\commons\commons-exec\1.3\commons-exec-1.3.jar;C:\Users\ROG\.m2\repository\org\asynchttpclient\async-http-client\2.12.3\async-http-client-2.12.3.jar;C:\Users\ROG\.m2\repository\org\asynchttpclient\async-http-client-netty-utils\2.12.3\async-http-client-netty-utils-2.12.3.jar;C:\Users\ROG\.m2\repository\io\netty\netty-codec-socks\4.1.60.Final\netty-codec-socks-4.1.60.Final.jar;C:\Users\ROG\.m2\repository\io\netty\netty-handler-proxy\4.1.60.Final\netty-handler-proxy-4.1.60.Final.jar;C:\Users\ROG\.m2\repository\io\netty\netty-transport-native-epoll\4.1.60.Final\netty-transport-native-epoll-4.1.60.Final-linux-x86_64.jar;C:\Users\ROG\.m2\repository\io\netty\netty-transport-native-kqueue\4.1.60.Final\netty-transport-native-kqueue-4.1.60.Final-osx-x86_64.jar;C:\Users\ROG\.m2\repository\org\reactivestreams\reactive-streams\1.0.3\reactive-streams-1.0.3.jar;C:\Users\ROG\.m2\repository\com\typesafe\netty\netty-reactive-streams\2.0.4\netty-reactive-streams-2.0.4.jar;C:\Users\ROG\.m2\repository\com\sun\activation\jakarta.activation\1.2.2\jakarta.activation-1.2.2.jar;C:\Users\ROG\.m2\repository\org\seleniumhq\selenium\selenium-safari-driver\4.10.0\selenium-safari-driver-4.10.0.jar;C:\Users\ROG\.m2\repository\org\seleniumhq\selenium\selenium-support\4.10.0\selenium-support-4.10.0.jar;C:\Users\ROG\.m2\repository\io\github\bonigarcia\webdrivermanager\5.3.3\webdrivermanager-5.3.3.jar;C:\Users\ROG\.m2\repository\org\slf4j\slf4j-api\2.0.7\slf4j-api-2.0.7.jar;C:\Users\ROG\.m2\repository\com\google\code\gson\gson\2.10.1\gson-2.10.1.jar;C:\Users\ROG\.m2\repository\com\github\docker-java\docker-java\3.3.0\docker-java-3.3.0.jar;C:\Users\ROG\.m2\repository\com\github\docker-java\docker-java-core\3.3.0\docker-java-core-3.3.0.jar;C:\Users\ROG\.m2\repository\com\github\docker-java\docker-java-api\3.3.0\docker-java-api-3.3.0.jar;C:\Users\ROG\.m2\repository\com\fasterxml\jackson\core\jackson-annotations\2.10.3\jackson-annotations-2.10.3.jar;C:\Users\ROG\.m2\repository\com\fasterxml\jackson\core\jackson-databind\2.10.3\jackson-databind-2.10.3.jar;C:\Users\ROG\.m2\repository\com\fasterxml\jackson\core\jackson-core\2.10.3\jackson-core-2.10.3.jar;C:\Users\ROG\.m2\repository\org\bouncycastle\bcpkix-jdk15on\1.64\bcpkix-jdk15on-1.64.jar;C:\Users\ROG\.m2\repository\org\bouncycastle\bcprov-jdk15on\1.64\bcprov-jdk15on-1.64.jar;C:\Users\ROG\.m2\repository\org\slf4j\jcl-over-slf4j\1.7.30\jcl-over-slf4j-1.7.30.jar;C:\Users\ROG\.m2\repository\com\github\docker-java\docker-java-transport-httpclient5\3.3.0\docker-java-transport-httpclient5-3.3.0.jar;C:\Users\ROG\.m2\repository\com\github\docker-java\docker-java-transport\3.3.0\docker-java-transport-3.3.0.jar;C:\Users\ROG\.m2\repository\net\java\dev\jna\jna\5.12.1\jna-5.12.1.jar;C:\Users\ROG\.m2\repository\org\brotli\dec\0.1.2\dec-0.1.2.jar;C:\Users\ROG\.m2\repository\org\apache\commons\commons-lang3\3.12.0\commons-lang3-3.12.0.jar;C:\Users\ROG\.m2\repository\org\apache\httpcomponents\client5\httpclient5\5.2.1\httpclient5-5.2.1.jar;C:\Users\ROG\.m2\repository\org\apache\httpcomponents\core5\httpcore5\5.2\httpcore5-5.2.jar;C:\Users\ROG\.m2\repository\org\apache\httpcomponents\core5\httpcore5-h2\5.2\httpcore5-h2-5.2.jar;C:\Users\ROG\.m2\repository\io\cucumber\cucumber-java\7.12.1\cucumber-java-7.12.1.jar;C:\Users\ROG\.m2\repository\io\cucumber\cucumber-core\7.12.1\cucumber-core-7.12.1.jar;C:\Users\ROG\.m2\repository\io\cucumber\cucumber-gherkin\7.12.1\cucumber-gherkin-7.12.1.jar;C:\Users\ROG\.m2\repository\io\cucumber\cucumber-gherkin-messages\7.12.1\cucumber-gherkin-messages-7.12.1.jar;C:\Users\ROG\.m2\repository\io\cucumber\gherkin\26.2.0\gherkin-26.2.0.jar;C:\Users\ROG\.m2\repository\io\cucumber\messages\22.0.0\messages-22.0.0.jar;C:\Users\ROG\.m2\repository\io\cucumber\tag-expressions\5.0.1\tag-expressions-5.0.1.jar;C:\Users\ROG\.m2\repository\io\cucumber\cucumber-expressions\16.1.2\cucumber-expressions-16.1.2.jar;C:\Users\ROG\.m2\repository\io\cucumber\datatable\7.12.1\datatable-7.12.1.jar;C:\Users\ROG\.m2\repository\io\cucumber\cucumber-plugin\7.12.1\cucumber-plugin-7.12.1.jar;C:\Users\ROG\.m2\repository\io\cucumber\docstring\7.12.1\docstring-7.12.1.jar;C:\Users\ROG\.m2\repository\io\cucumber\html-formatter\20.3.1\html-formatter-20.3.1.jar;C:\Users\ROG\.m2\repository\io\cucumber\junit-xml-formatter\0.2.0\junit-xml-formatter-0.2.0.jar;C:\Users\ROG\.m2\repository\io\cucumber\ci-environment\9.2.0\ci-environment-9.2.0.jar;C:\Users\ROG\.m2\repository\org\apiguardian\apiguardian-api\1.1.2\apiguardian-api-1.1.2.jar;C:\Users\ROG\.m2\repository\io\cucumber\cucumber-junit\7.12.1\cucumber-junit-7.12.1.jar;C:\Users\ROG\.m2\repository\junit\junit\4.13.2\junit-4.13.2.jar;C:\Users\ROG\.m2\repository\org\hamcrest\hamcrest-core\1.3\hamcrest-core-1.3.jar;C:\Users\ROG\.m2\repository\org\apache\poi\poi\5.2.3\poi-5.2.3.jar;C:\Users\ROG\.m2\repository\commons-codec\commons-codec\1.15\commons-codec-1.15.jar;C:\Users\ROG\.m2\repository\org\apache\commons\commons-collections4\4.4\commons-collections4-4.4.jar;C:\Users\ROG\.m2\repository\org\apache\commons\commons-math3\3.6.1\commons-math3-3.6.1.jar;C:\Users\ROG\.m2\repository\commons-io\commons-io\2.11.0\commons-io-2.11.0.jar;C:\Users\ROG\.m2\repository\com\zaxxer\SparseBitSet\1.2\SparseBitSet-1.2.jar;C:\Users\ROG\.m2\repository\org\apache\logging\log4j\log4j-api\2.18.0\log4j-api-2.18.0.jar;C:\Users\ROG\.m2\repository\org\apache\poi\poi-ooxml\5.2.3\poi-ooxml-5.2.3.jar;C:\Users\ROG\.m2\repository\org\apache\poi\poi-ooxml-lite\5.2.3\poi-ooxml-lite-5.2.3.jar;C:\Users\ROG\.m2\repository\org\apache\xmlbeans\xmlbeans\5.1.1\xmlbeans-5.1.1.jar;C:\Users\ROG\.m2\repository\org\apache\commons\commons-compress\1.21\commons-compress-1.21.jar;C:\Users\ROG\.m2\repository\com\github\virtuald\curvesapi\1.07\curvesapi-1.07.jar;C:\Users\ROG\.m2\repository\tech\grasshopper\extentreports-cucumber7-adapter\1.13.0\extentreports-cucumber7-adapter-1.13.0.jar;C:\Users\ROG\.m2\repository\com\aventstack\extentreports\5.0.9\extentreports-5.0.9.jar;C:\Users\ROG\.m2\repository\io\reactivex\rxjava3\rxjava\3.0.4\rxjava-3.0.4.jar;C:\Users\ROG\.m2\repository\org\freemarker\freemarker\2.3.30\freemarker-2.3.30.jar;C:\Users\ROG\.m2\repository\org\projectlombok\lombok\1.18.12\lombok-1.18.12.jar;C:\Users\ROG\.m2\repository\tech\grasshopper\extent-pdf-report\2.11.0\extent-pdf-report-2.11.0.jar;C:\Users\ROG\.m2\repository\tech\grasshopper\cucumber-pdf-report\2.13.0\cucumber-pdf-report-2.13.0.jar;C:\Users\ROG\.m2\repository\org\apache\pdfbox\pdfbox\2.0.26\pdfbox-2.0.26.jar;C:\Users\ROG\.m2\repository\org\apache\pdfbox\fontbox\2.0.26\fontbox-2.0.26.jar;C:\Users\ROG\.m2\repository\org\knowm\xchart\xchart\3.8.0\xchart-3.8.0.jar;C:\Users\ROG\.m2\repository\de\erichseifert\vectorgraphics2d\VectorGraphics2D\0.13\VectorGraphics2D-0.13.jar;C:\Users\ROG\.m2\repository\de\rototor\pdfbox\graphics2d\0.30\graphics2d-0.30.jar;C:\Users\ROG\.m2\repository\com\madgag\animated-gif-lib\1.4\animated-gif-lib-1.4.jar;C:\Users\ROG\.m2\repository\org\yaml\snakeyaml\2.0\snakeyaml-2.0.jar;C:\Users\ROG\.m2\repository\tech\grasshopper\table-layout\1.5.1\table-layout-1.5.1.jar;C:\Users\ROG\.m2\repository\tech\grasshopper\rest-assured-cucumber-pdf-report\1.4.1\rest-assured-cucumber-pdf-report-1.4.1.jar;C:\Users\ROG\.m2\repository\org\jsoup\jsoup\1.15.3\jsoup-1.15.3.jar;C:\Users\ROG\.m2\repository\com\aventstack\klov-reporter\5.0.9\klov-reporter-5.0.9.jar;C:\Users\ROG\.m2\repository\org\mongodb\mongodb-driver\3.6.4\mongodb-driver-3.6.4.jar;C:\Users\ROG\.m2\repository\org\mongodb\mongodb-driver-core\3.6.4\mongodb-driver-core-3.6.4.jar;C:\Users\ROG\.m2\repository\org\mongodb\bson\3.6.4\bson-3.6.4.jar;C:\Users\ROG\.m2\repository\org\apache\httpcomponents\httpclient\4.5.13\httpclient-4.5.13.jar;C:\Users\ROG\.m2\repository\org\apache\httpcomponents\httpcore\4.4.13\httpcore-4.4.13.jar;C:\Users\ROG\.m2\repository\commons-logging\commons-logging\1.2\commons-logging-1.2.jar;C:\Users\ROG\.m2\repository\org\apache\httpcomponents\httpmime\4.5.13\httpmime-4.5.13.jar;C:\Users\ROG\.m2\repository\tech\grasshopper\htmlextentreporter\1.0.1\htmlextentreporter-1.0.1.jar;C:\Users\ROG\.m2\repository\tech\grasshopper\extent-excel-report\1.3.0\extent-excel-report-1.3.0.jar;"/>
    <property name="sun.cpu.endian" value="little"/>
    <property name="user.home" value="C:\Users\ROG"/>
    <property name="user.language" value="en"/>
    <property name="java.specification.vendor" value="Oracle Corporation"/>
    <property name="java.version.date" value="2022-10-18"/>
    <property name="java.home" value="C:\Program Files\Java\jdk-11.0.17"/>
    <property name="file.separator" value="\"/>
    <property name="basedir" value="C:\Users\ROG\IdeaProjects\mycucumberproject"/>
    <property name="java.vm.compressedOopsMode" value="Zero based"/>
    <property name="line.separator" value="&#10;"/>
    <property name="java.specification.name" value="Java Platform API Specification"/>
    <property name="java.vm.specification.vendor" value="Oracle Corporation"/>
    <property name="java.awt.graphicsenv" value="sun.awt.Win32GraphicsEnvironment"/>
    <property name="surefire.real.class.path" value="C:\Users\ROG\AppData\Local\Temp\surefire2447499284192740633\surefirebooter7157721841860389323.jar"/>
    <property name="user.script" value=""/>
    <property name="sun.management.compiler" value="HotSpot 64-Bit Tiered Compilers"/>
    <property name="java.runtime.version" value="11.0.17+10-LTS-269"/>
    <property name="user.name" value="ROG"/>
    <property name="path.separator" value=";"/>
    <property name="os.version" value="10.0"/>
    <property name="java.runtime.name" value="Java(TM) SE Runtime Environment"/>
    <property name="file.encoding" value="UTF-8"/>
    <property name="java.vm.name" value="Java HotSpot(TM) 64-Bit Server VM"/>
    <property name="java.vendor.version" value="18.9"/>
    <property name="localRepository" value="C:\Users\ROG\.m2\repository"/>
    <property name="java.vendor.url.bug" value="https://bugreport.java.com/bugreport/"/>
    <property name="java.io.tmpdir" value="C:\Users\ROG\AppData\Local\Temp\"/>
    <property name="java.version" value="11.0.17"/>
    <property name="user.dir" value="C:\Users\ROG\IdeaProjects\mycucumberproject"/>
    <property name="os.arch" value="amd64"/>
    <property name="java.vm.specification.name" value="Java Virtual Machine Specification"/>
    <property name="java.awt.printerjob" value="sun.awt.windows.WPrinterJob"/>
    <property name="sun.os.patch.level" value=""/>
    <property name="java.library.path" value="C:\Program Files\Java\jdk-11.0.17\bin;C:\Windows\Sun\Java\bin;C:\Windows\system32;C:\Windows;C:\Program Files\Common Files\Oracle\Java\javapath;C:\Windows\system32;C:\Windows;C:\Windows\System32\Wbem;C:\Windows\System32\WindowsPowerShell\v1.0\;C:\Windows\System32\OpenSSH\;C:\Program Files\Intel\WiFi\bin\;C:\Program Files\Common Files\Intel\WirelessCommon\;C:\Program Files\Git\cmd;C:\Program Files (x86)\apache-maven-3.9.1\bin;C:\Users\ROG\AppData\Local\Microsoft\WindowsApps;C:\Program Files\Java\jdk-11.0.17\bin;;C:\Users\ROG\AppData\Local\Programs\Microsoft VS Code\bin;."/>
    <property name="java.vendor" value="Oracle Corporation"/>
    <property name="java.vm.info" value="mixed mode"/>
    <property name="java.vm.version" value="11.0.17+10-LTS-269"/>
    <property name="sun.io.unicode.encoding" value="UnicodeLittle"/>
    <property name="java.class.version" value="55.0"/>
  </properties>
  <testcase name="TC01_iphone_search" classname="search_feature #1" time="17.76"/>
  <testcase name="TC02_tesla_search" classname="search_feature #1" time="14.961"/>
  <testcase name="TC03_bmw_search" classname="search_feature #1" time="15.851"/>
  <testcase name="TC04_apple_search" classname="search_feature #1" time="15.587"/>
  <testcase name="TC05_nio_search" classname="search_feature #1" time="15.841"/>
  <testcase name="TC06_pineapple_search" classname="search_feature #1" time="23.128"/>
</testsuite>